[2026-04-15T10:40:18.762+0800][0.061s] Using G1
[2026-04-15T10:40:18.768+0800][0.066s] Version: 17.0.18+8-LTS-264 (release)
[2026-04-15T10:40:18.768+0800][0.067s] CPUs: 16 total, 16 available
[2026-04-15T10:40:18.768+0800][0.067s] Memory: 14198M
[2026-04-15T10:40:18.768+0800][0.067s] Large Page Support: Disabled
[2026-04-15T10:40:18.768+0800][0.067s] NUMA Support: Disabled
[2026-04-15T10:40:18.768+0800][0.067s] Compressed Oops: Enabled (32-bit)
[2026-04-15T10:40:18.768+0800][0.067s] Heap Region Size: 16M
[2026-04-15T10:40:18.768+0800][0.067s] Heap Min Capacity: 2G
[2026-04-15T10:40:18.768+0800][0.067s] Heap Initial Capacity: 2G
[2026-04-15T10:40:18.768+0800][0.067s] Heap Max Capacity: 2G
[2026-04-15T10:40:18.768+0800][0.067s] Pre-touch: Disabled
[2026-04-15T10:40:18.769+0800][0.067s] Parallel Workers: 13
[2026-04-15T10:40:18.769+0800][0.067s] Concurrent Workers: 3
[2026-04-15T10:40:18.769+0800][0.067s] Concurrent Refinement Workers: 13
[2026-04-15T10:40:18.769+0800][0.067s] Periodic GC: Disabled
[2026-04-15T10:40:18.776+0800][0.074s] CDS archive(s) mapped at: [0x0000021a80000000-0x0000021a80bd0000-0x0000021a80bd0000), size 12386304, SharedBaseAddress: 0x0000021a80000000, ArchiveRelocationMode: 1.
[2026-04-15T10:40:18.776+0800][0.074s] Compressed class space mapped at: 0x0000021a81000000-0x0000021a9b000000, reserved size: 436207616
[2026-04-15T10:40:18.776+0800][0.074s] Narrow klass base: 0x0000021a80000000, Narrow klass shift: 0, Narrow klass range: 0x100000000
[2026-04-15T10:40:25.781+0800][7.079s] GC(0) Pause Young (Normal) (G1 Evacuation Pause)
[2026-04-15T10:40:25.781+0800][7.080s] GC(0) Using 13 workers of 13 for evacuation
[2026-04-15T10:40:25.806+0800][7.105s] GC(0)   Pre Evacuate Collection Set: 0.1ms
[2026-04-15T10:40:25.806+0800][7.105s] GC(0)   Merge Heap Roots: 0.0ms
[2026-04-15T10:40:25.806+0800][7.105s] GC(0)   Evacuate Collection Set: 22.6ms
[2026-04-15T10:40:25.806+0800][7.105s] GC(0)   Post Evacuate Collection Set: 2.1ms
[2026-04-15T10:40:25.806+0800][7.105s] GC(0)   Other: 0.6ms
[2026-04-15T10:40:25.806+0800][7.105s] GC(0) Eden regions: 64->0(61)
[2026-04-15T10:40:25.806+0800][7.105s] GC(0) Survivor regions: 0->3(8)
[2026-04-15T10:40:25.806+0800][7.105s] GC(0) Old regions: 0->0
[2026-04-15T10:40:25.806+0800][7.105s] GC(0) Archive regions: 0->0
[2026-04-15T10:40:25.806+0800][7.105s] GC(0) Humongous regions: 0->0
[2026-04-15T10:40:25.806+0800][7.105s] GC(0) Metaspace: 67390K(67904K)->67390K(67904K) NonClass: 58229K(58496K)->58229K(58496K) Class: 9161K(9408K)->9161K(9408K)
[2026-04-15T10:40:25.806+0800][7.105s] GC(0) Pause Young (Normal) (G1 Evacuation Pause) 1024M->42M(2048M) 25.807ms
[2026-04-15T10:40:25.806+0800][7.105s] GC(0) User=0.05s Sys=0.14s Real=0.03s
